
> narrativee@ build /Users/user/Desktop/research/Narrativee_old
> turbo run build

turbo 2.6.1

• Packages in scope: @repo/eslint-config, @repo/typescript-config, @repo/ui, backend, docs, web
• Running build in 6 packages
• Remote caching disabled
web:build: cache miss, executing 2c41179f66de990d
docs:build: cache hit, replaying logs 24c391a08333ba5c
docs:build: 
docs:build: 
docs:build: > docs@0.1.0 build /Users/user/Desktop/research/Narrativee_old/apps/docs
docs:build: > next build
docs:build: 
docs:build: [baseline-browser-mapping] The data in this module is over two months old.  To ensure accurate Baseline data, please update: `npm i baseline-browser-mapping@latest -D`
docs:build:    [1m[38;2;173;127;168m▲ Next.js 16.0.1[39m[22m (Turbopack)
docs:build: 
docs:build:  [37m[1m [22m[39m Creating an optimized production build ...
docs:build: [baseline-browser-mapping] The data in this module is over two months old.  To ensure accurate Baseline data, please update: `npm i baseline-browser-mapping@latest -D`
docs:build:  [32m[1m✓[22m[39m Compiled successfully in 3.1s
docs:build: [?25l [37m[1m [22m[39m Running TypeScript  [36m.[39m[2K[1G [37m[1m [22m[39m Running TypeScript  [36m..[39m[2K[1G [37m[1m [22m[39m Running TypeScript  [36m...[39m[2K[1G [37m[1m [22m[39m Running TypeScript  [36m.[39m[2K[1G [37m[1m [22m[39m Running TypeScript  [36m..[39m[2K[1G [37m[1m [22m[39m Running TypeScript  [36m...[39m[2K[1G [37m[1m [22m[39m Running TypeScript  [36m.[39m[2K[1G [37m[1m [22m[39m Running TypeScript  [36m..[39m[2K[1G [37m[1m [22m[39m Running TypeScript  [36m...[39m[2K[1G [37m[1m [22m[39m Running TypeScript  [36m.[39m[2K[1G [37m[1m [22m[39m Running TypeScript  [36m..[39m[2K[1G [37m[1m [22m[39m Running TypeScript  [36m...[39m[2K[1G [37m[1m [22m[39m Running TypeScript  [36m.[39m[2K[1G [37m[1m [22m[39m Running TypeScript  [36m..[39m[2K[1G [37m[1m [22m[39m Running TypeScript  [36m...[39m[2K[1G [37m[1m [22m[39m Running TypeScript  [36m.[39m[2K[1G [37m[1m [22m[39m Running TypeScript  [36m..[39m[2K[1G[?25h[?25l [37m[1m [22m[39m Finished TypeScript in 3.4s  [36m.[39m[2K[1G[1A[2K[1G[?25h [37m[1m [22m[39m Finished TypeScript in 3.4s    docs:build:  [32m[1m✓[22m[39m Finished TypeScript in 3.4s 
docs:build: [?25l [37m[1m [22m[39m Collecting page data  [36m.[39m[2K[1G [37m[1m [22m[39m Collecting page data  [36m..[39m[baseline-browser-mapping] The data in this module is over two months old.  To ensure accurate Baseline data, please update: `npm i baseline-browser-mapping@latest -D`
docs:build: [baseline-browser-mapping] The data in this module is over two months old.  To ensure accurate Baseline data, please update: `npm i baseline-browser-mapping@latest -D`
docs:build: [baseline-browser-mapping] The data in this module is over two months old.  To ensure accurate Baseline data, please update: `npm i baseline-browser-mapping@latest -D`
docs:build: [baseline-browser-mapping] The data in this module is over two months old.  To ensure accurate Baseline data, please update: `npm i baseline-browser-mapping@latest -D`
docs:build: [2K[1G [37m[1m [22m[39m Collecting page data  [36m...[39m[2K[1G [37m[1m [22m[39m Collecting page data  [36m.[39m[2K[1G[?25h [37m[1m [22m[39m Collecting page data in 628.5ms    docs:build:  [32m[1m✓[22m[39m Collecting page data in 628.5ms 
docs:build: [?25l [37m[1m [22m[39m Generating static pages (0/4)  [36m[    ][39m[2K[1G[1A[2K[1G [37m[1m [22m[39m Generating static pages (0/4)  [36m[=   ][39m[2K[1G[1A[2K[1G[?25h[baseline-browser-mapping] The data in this module is over two months old.  To ensure accurate Baseline data, please update: `npm i baseline-browser-mapping@latest -D`
docs:build: [?25h [32m[1m✓[22m[39m Generating static pages (4/4) in 465.7ms
docs:build: [?25l [37m[1m [22m[39m Finalizing page optimization  [36m.[39m[2K[1G[1A[2K[1G[?25h [37m[1m [22m[39m Finalizing page optimization in 10.8ms    docs:build:  [32m[1m✓[22m[39m Finalizing page optimization in 10.8ms 
docs:build: 
docs:build: [4mRoute (app)[24m
docs:build: ┌ ○ /
docs:build: └ ○ /_not-found
docs:build: 
docs:build: 
docs:build: ○  (Static)  prerendered as static content
docs:build: 
docs:build: [?25h
web:build: 
web:build: > web@0.1.0 build /Users/user/Desktop/research/Narrativee_old/apps/web
web:build: > next build
web:build: 
web:build: [baseline-browser-mapping] The data in this module is over two months old.  To ensure accurate Baseline data, please update: `npm i baseline-browser-mapping@latest -D`
web:build:    ▲ Next.js 16.0.6 (Turbopack)
web:build:    - Environments: .env.local, .env.production, .env
web:build: 
web:build:    Creating an optimized production build ...
web:build: [baseline-browser-mapping] The data in this module is over two months old.  To ensure accurate Baseline data, please update: `npm i baseline-browser-mapping@latest -D`
backend:build: cache hit, replaying logs 7f4fb80ebb4980c4
backend:build: 
backend:build: 
backend:build: > backend@1.0.0 build /Users/user/Desktop/research/Narrativee_old/apps/backend
backend:build: > tsup
backend:build: 
backend:build: [34mCLI[39m Building entry: src/index.ts
backend:build: [34mCLI[39m Using tsconfig: tsconfig.json
backend:build: [34mCLI[39m tsup v8.5.1
backend:build: [34mCLI[39m Using tsup config: /Users/user/Desktop/research/Narrativee_old/apps/backend/tsup.config.ts
backend:build: [34mCLI[39m Target: es2020
backend:build: [34mCLI[39m Cleaning output folder
backend:build: [34mCJS[39m Build start
backend:build: [32mCJS[39m [1mdist/index.js [22m[32m1.54 MB[39m
backend:build: [32mCJS[39m ⚡️ Build success in 178ms
web:build:  ✓ Compiled successfully in 6.4s
web:build:    Running TypeScript ...
web:build:    Collecting page data using 7 workers ...
web:build: [baseline-browser-mapping] The data in this module is over two months old.  To ensure accurate Baseline data, please update: `npm i baseline-browser-mapping@latest -D`
web:build: [baseline-browser-mapping] The data in this module is over two months old.  To ensure accurate Baseline data, please update: `npm i baseline-browser-mapping@latest -D`
web:build: [baseline-browser-mapping] The data in this module is over two months old.  To ensure accurate Baseline data, please update: `npm i baseline-browser-mapping@latest -D`
web:build: [baseline-browser-mapping] The data in this module is over two months old.  To ensure accurate Baseline data, please update: `npm i baseline-browser-mapping@latest -D`
web:build: [baseline-browser-mapping] The data in this module is over two months old.  To ensure accurate Baseline data, please update: `npm i baseline-browser-mapping@latest -D`
web:build: [baseline-browser-mapping] The data in this module is over two months old.  To ensure accurate Baseline data, please update: `npm i baseline-browser-mapping@latest -D`
web:build: [baseline-browser-mapping] The data in this module is over two months old.  To ensure accurate Baseline data, please update: `npm i baseline-browser-mapping@latest -D`
web:build:    Generating static pages using 7 workers (0/20) ...
web:build: [baseline-browser-mapping] The data in this module is over two months old.  To ensure accurate Baseline data, please update: `npm i baseline-browser-mapping@latest -D`
web:build:  ⚠ metadataBase property in metadata export is not set for resolving social open graph or twitter images, using "http://localhost:3000". See https://nextjs.org/docs/app/api-reference/functions/generate-metadata#metadatabase
web:build:    Generating static pages using 7 workers (5/20) 
web:build: PATH /setting
web:build: session null
web:build: PATH /workspace/engage
web:build:    Generating static pages using 7 workers (10/20) 
web:build:    Generating static pages using 7 workers (15/20) 
web:build: PATH /workspace/knowledge
web:build: PATH /workspace/inspirations
web:build: PATH /workspace
web:build: PATH /workspace/post-queue
web:build:  ✓ Generating static pages using 7 workers (20/20) in 918.7ms
web:build:    Finalizing page optimization ...
web:build: 
web:build: Route (app)
web:build: ┌ ○ /
web:build: ├ ○ /_not-found
web:build: ├ ○ /auth/signin
web:build: ├ ○ /auth/signup
web:build: ├ ○ /onboarding
web:build: ├ ○ /opengraph-image.png
web:build: ├ ○ /pricing
web:build: ├ ○ /privacy
web:build: ├ ○ /robots.txt
web:build: ├ ○ /setting
web:build: ├ ○ /sitemap.xml
web:build: ├ ○ /success
web:build: ├ ○ /terms
web:build: ├ ○ /workspace
web:build: ├ ○ /workspace/engage
web:build: ├ ○ /workspace/inspirations
web:build: ├ ○ /workspace/knowledge
web:build: └ ○ /workspace/post-queue
web:build: 
web:build: 
web:build: ○  (Static)  prerendered as static content
web:build: 

 Tasks:    3 successful, 3 total
Cached:    2 cached, 3 total
  Time:    20.968s 

